Post Processor Report
OrCAD FILE: C:\SRC\BSM-2\SCHEMATICS\BSM-2.MAX
Wed Apr 13 15:42:35 2011

*********************************************************

Output file: C:\SRC\BSM-2\SCHEMATICS\BSM-2.TOP

Aperture totals for C:\SRC\BSM-2\SCHEMATICS\BSM-2.TOP:
---------------------------------------------------------
D10:  0.0500 SQUARE --       0 Draws,     350 Flashes
D11:  0.0520 ROUND  --       0 Draws,       5 Flashes
D12:  0.0520 SQUARE --       0 Draws,       4 Flashes
D13:  0.0320 x 0.0380 RECTANGLE -----       2 Flashes
D14:  0.0600 SQUARE --       0 Draws,       4 Flashes
D15:  0.0740 x 0.0480 RECTANGLE -----       2 Flashes
D16:  0.0570 ROUND  --       0 Draws,       4 Flashes
D17:  0.0570 SQUARE --       0 Draws,       4 Flashes
D18:  0.0900 x 0.1000 RECTANGLE -----       4 Flashes
D19:  0.0740 ROUND  --       0 Draws,      10 Flashes
D20:  0.0580 ROUND  --       0 Draws,      51 Flashes
D21:  0.0580 SQUARE --       0 Draws,       9 Flashes
D22:  0.0748 ROUND  --       0 Draws,      18 Flashes
D23:  0.0748 SQUARE --       0 Draws,      10 Flashes
D24:  0.1968 x 0.1575 RECTANGLE -----       2 Flashes
D25:  0.0720 x 0.0780 RECTANGLE -----       6 Flashes
D26:  0.0780 x 0.0720 RECTANGLE -----       2 Flashes
D27:  0.0500 x 0.0340 RECTANGLE -----       1 Flashes
D28:  0.0400 x 0.0340 RECTANGLE -----       2 Flashes
D29:  0.0340 x 0.0500 RECTANGLE -----       2 Flashes
D30:  0.0340 x 0.0400 RECTANGLE -----       4 Flashes
D31:  0.0640 x 0.1000 RECTANGLE -----       2 Flashes
D32:  0.2362 ROUND  --       0 Draws,       5 Flashes
D33:  0.0600 x 0.0700 RECTANGLE -----      12 Flashes
D34:  0.0860 x 0.0240 OBLONG    -----      17 Flashes
D35:  0.0860 x 0.0240 RECTANGLE -----       1 Flashes
D36:  0.0110 x 0.0700 OBLONG    -----      28 Flashes
D37:  0.0110 x 0.0700 RECTANGLE -----       4 Flashes
D38:  0.0700 x 0.0110 OBLONG    -----      29 Flashes
D39:  0.0700 x 0.0110 RECTANGLE -----       3 Flashes
D40:  0.1181 x 0.0984 RECTANGLE -----       2 Flashes
D41:  0.0680 ROUND  --       0 Draws,       1 Flashes
D42:  0.0840 ROUND  --       0 Draws,       1 Flashes
D43:  0.0984 x 0.0275 RECTANGLE -----       1 Flashes
D44:  0.1378 x 0.0275 RECTANGLE -----       2 Flashes
D45:  0.1496 x 0.0433 RECTANGLE -----       9 Flashes
D46:  0.0250 x 0.0940 OBLONG    -----      22 Flashes
D47:  0.0250 x 0.0940 RECTANGLE -----       2 Flashes
D48:  0.1470 ROUND  --       0 Draws,       1 Flashes
D49:  0.0750 SQUARE --       0 Draws,       1 Flashes
D50:  0.0750 ROUND  --       0 Draws,       2 Flashes
D51:  0.0940 x 0.0250 OBLONG    -----      21 Flashes
D52:  0.0940 x 0.0250 RECTANGLE -----       3 Flashes
D53:  0.0950 x 0.1220 RECTANGLE -----       1 Flashes
D54:  0.0750 x 0.0240 RECTANGLE -----       8 Flashes
D55:  0.0550 SQUARE --       0 Draws,       1 Flashes
D56:  0.0550 ROUND  --       0 Draws,       3 Flashes
D57:  0.0177 x 0.0701 RECTANGLE -----       8 Flashes
D58:  0.0394 x 0.0118 OBLONG    -----       6 Flashes
D59:  0.0118 x 0.0394 OBLONG    -----      10 Flashes
D60:  0.2165 x 0.0787 RECTANGLE -----       2 Flashes
D61:  0.0375 ROUND  --      34 Draws,       0 Flashes
D62:  0.0280 ROUND  --       0 Draws,     108 Flashes
D63:  0.0120 ROUND  --     342 Draws,       0 Flashes
D64:  0.0080 ROUND  --       2 Draws,       0 Flashes
D65:  0.0280 ROUND  --       0 Draws,       3 Flashes
D66:  0.0500 ROUND  --       0 Draws,       1 Flashes
---------------------------------------------------------
 57 D-Codes      -----     378 Draws,     816 Flashes

*********************************************************

Output file: C:\SRC\BSM-2\SCHEMATICS\BSM-2.BOT

Aperture totals for C:\SRC\BSM-2\SCHEMATICS\BSM-2.BOT:
---------------------------------------------------------
D61:  0.0375 ROUND  --       3 Draws,       0 Flashes
D62:  0.0280 ROUND  --       0 Draws,     104 Flashes
D63:  0.0120 ROUND  --     197 Draws,       0 Flashes
D65:  0.0280 ROUND  --       0 Draws,       5 Flashes
D66:  0.0500 ROUND  --       0 Draws,       1 Flashes
D67:  0.0520 ROUND  --       0 Draws,       5 Flashes
D68:  0.0520 SQUARE --       0 Draws,       4 Flashes
D69:  0.0570 ROUND  --       0 Draws,       4 Flashes
D70:  0.0570 SQUARE --       0 Draws,       4 Flashes
D71:  0.0740 ROUND  --       0 Draws,      10 Flashes
D72:  0.0580 ROUND  --       0 Draws,      51 Flashes
D73:  0.0580 SQUARE --       0 Draws,       9 Flashes
D74:  0.0748 ROUND  --       0 Draws,      18 Flashes
D75:  0.0748 SQUARE --       0 Draws,      10 Flashes
D76:  0.0500 x 0.0670 RECTANGLE -----       6 Flashes
D77:  0.2362 ROUND  --       0 Draws,       5 Flashes
D78:  0.0680 ROUND  --       0 Draws,       1 Flashes
D79:  0.0840 ROUND  --       0 Draws,       1 Flashes
D80:  0.1470 ROUND  --       0 Draws,       1 Flashes
D81:  0.0750 SQUARE --       0 Draws,       1 Flashes
D82:  0.0750 ROUND  --       0 Draws,       2 Flashes
D83:  0.0550 SQUARE --       0 Draws,       1 Flashes
D84:  0.0550 ROUND  --       0 Draws,       3 Flashes
D85:  0.0280 ROUND  --       0 Draws,       2 Flashes
---------------------------------------------------------
 24 D-Codes      -----     200 Draws,     248 Flashes

*********************************************************

Output file: C:\SRC\BSM-2\SCHEMATICS\BSM-2.GND

Aperture totals for C:\SRC\BSM-2\SCHEMATICS\BSM-2.GND:
---------------------------------------------------------
D64:  0.0080 ROUND  --       4 Draws,       0 Flashes
D65:  0.0280 ROUND  --       0 Draws,      33 Flashes
D71:  0.0740 ROUND  --       0 Draws,       4 Flashes
D81:  0.0750 SQUARE --       0 Draws,       1 Flashes
D82:  0.0750 ROUND  --       0 Draws,       3 Flashes
D85:  0.0280 ROUND  --       0 Draws,      78 Flashes
D86:  0.0720 ROUND  --       0 Draws,       5 Flashes
D87:  0.0720 SQUARE --       0 Draws,       4 Flashes
D88:  0.0740 SQUARE --       0 Draws,       4 Flashes
D89:  0.0900 ROUND  --       0 Draws,      10 Flashes
D90:  0.0780 ROUND  --       0 Draws,      51 Flashes
D91:  0.0780 SQUARE --       0 Draws,       9 Flashes
D92:  0.0945 ROUND  --       0 Draws,      18 Flashes
D93:  0.0945 SQUARE --       0 Draws,      10 Flashes
D94:  0.2401 ROUND  --       0 Draws,       5 Flashes
D95:  0.0880 ROUND  --       0 Draws,       1 Flashes
D96:  0.1040 ROUND  --       0 Draws,       1 Flashes
D97:  0.1750 ROUND  --       0 Draws,       1 Flashes
D98:  0.0950 SQUARE --       0 Draws,       1 Flashes
D99:  0.0950 ROUND  --       0 Draws,       2 Flashes
D100: 0.0750 ROUND  --       0 Draws,       1 Flashes
---------------------------------------------------------
 21 D-Codes      -----       4 Draws,     242 Flashes

*********************************************************

Output file: C:\SRC\BSM-2\SCHEMATICS\BSM-2.PWR

Aperture totals for C:\SRC\BSM-2\SCHEMATICS\BSM-2.PWR:
---------------------------------------------------------
D64:  0.0080 ROUND  --       4 Draws,       0 Flashes
D65:  0.0280 ROUND  --       0 Draws,      33 Flashes
D71:  0.0740 ROUND  --       0 Draws,       4 Flashes
D81:  0.0750 SQUARE --       0 Draws,       1 Flashes
D82:  0.0750 ROUND  --       0 Draws,       3 Flashes
D85:  0.0280 ROUND  --       0 Draws,      78 Flashes
D86:  0.0720 ROUND  --       0 Draws,       5 Flashes
D87:  0.0720 SQUARE --       0 Draws,       4 Flashes
D88:  0.0740 SQUARE --       0 Draws,       4 Flashes
D89:  0.0900 ROUND  --       0 Draws,      10 Flashes
D90:  0.0780 ROUND  --       0 Draws,      51 Flashes
D91:  0.0780 SQUARE --       0 Draws,       9 Flashes
D92:  0.0945 ROUND  --       0 Draws,      18 Flashes
D93:  0.0945 SQUARE --       0 Draws,      10 Flashes
D94:  0.2401 ROUND  --       0 Draws,       5 Flashes
D95:  0.0880 ROUND  --       0 Draws,       1 Flashes
D96:  0.1040 ROUND  --       0 Draws,       1 Flashes
D97:  0.1750 ROUND  --       0 Draws,       1 Flashes
D98:  0.0950 SQUARE --       0 Draws,       1 Flashes
D99:  0.0950 ROUND  --       0 Draws,       2 Flashes
D100: 0.0750 ROUND  --       0 Draws,       1 Flashes
---------------------------------------------------------
 21 D-Codes      -----       4 Draws,     242 Flashes

*********************************************************

Output file: C:\SRC\BSM-2\SCHEMATICS\BSM-2.SMT

Aperture totals for C:\SRC\BSM-2\SCHEMATICS\BSM-2.SMT:
---------------------------------------------------------
D65:  0.0280 ROUND  --       0 Draws,       1 Flashes
D67:  0.0520 ROUND  --       0 Draws,       5 Flashes
D68:  0.0520 SQUARE --       0 Draws,       4 Flashes
D72:  0.0580 ROUND  --       0 Draws,      51 Flashes
D73:  0.0580 SQUARE --       0 Draws,       9 Flashes
D77:  0.2362 ROUND  --       0 Draws,       5 Flashes
D78:  0.0680 ROUND  --       0 Draws,       5 Flashes
D79:  0.0840 ROUND  --       0 Draws,      11 Flashes
D80:  0.1470 ROUND  --       0 Draws,       1 Flashes
D81:  0.0750 SQUARE --       0 Draws,       1 Flashes
D82:  0.0750 ROUND  --       0 Draws,       2 Flashes
D83:  0.0550 SQUARE --       0 Draws,       1 Flashes
D84:  0.0550 ROUND  --       0 Draws,       3 Flashes
D101: 0.0500 SQUARE --       0 Draws,     350 Flashes
D102: 0.0320 x 0.0380 RECTANGLE -----       2 Flashes
D103: 0.0600 SQUARE --       0 Draws,       4 Flashes
D104: 0.0740 x 0.0480 RECTANGLE -----       2 Flashes
D105: 0.0680 SQUARE --       0 Draws,       4 Flashes
D106: 0.0900 x 0.1000 RECTANGLE -----       4 Flashes
D107: 0.0866 ROUND  --       0 Draws,      18 Flashes
D108: 0.0866 SQUARE --       0 Draws,      10 Flashes
D109: 0.1968 x 0.1575 RECTANGLE -----       2 Flashes
D110: 0.0720 x 0.0780 RECTANGLE -----       6 Flashes
D111: 0.0780 x 0.0720 RECTANGLE -----       2 Flashes
D112: 0.0500 x 0.0340 RECTANGLE -----       1 Flashes
D113: 0.0400 x 0.0340 RECTANGLE -----       2 Flashes
D114: 0.0340 x 0.0500 RECTANGLE -----       2 Flashes
D115: 0.0340 x 0.0400 RECTANGLE -----       4 Flashes
D116: 0.0640 x 0.1000 RECTANGLE -----       2 Flashes
D117: 0.0600 x 0.0700 RECTANGLE -----      12 Flashes
D118: 0.0860 x 0.0240 OBLONG    -----      17 Flashes
D119: 0.0860 x 0.0240 RECTANGLE -----       1 Flashes
D120: 0.0110 x 0.0700 OBLONG    -----      28 Flashes
D121: 0.0110 x 0.0700 RECTANGLE -----       4 Flashes
D122: 0.0700 x 0.0110 OBLONG    -----      29 Flashes
D123: 0.0700 x 0.0110 RECTANGLE -----       3 Flashes
D124: 0.1181 x 0.0984 RECTANGLE -----       2 Flashes
D125: 0.0984 x 0.0275 RECTANGLE -----       1 Flashes
D126: 0.1378 x 0.0275 RECTANGLE -----       2 Flashes
D127: 0.1496 x 0.0433 RECTANGLE -----       9 Flashes
D128: 0.0250 x 0.0940 OBLONG    -----      22 Flashes
D129: 0.0250 x 0.0940 RECTANGLE -----       2 Flashes
D130: 0.0940 x 0.0250 OBLONG    -----      21 Flashes
D131: 0.0940 x 0.0250 RECTANGLE -----       3 Flashes
D132: 0.0950 x 0.1220 RECTANGLE -----       1 Flashes
D133: 0.0750 x 0.0240 RECTANGLE -----       8 Flashes
D134: 0.2450 ROUND  --       0 Draws,       2 Flashes
D135: 0.0177 x 0.0701 RECTANGLE -----       8 Flashes
D136: 0.0394 x 0.0118 OBLONG    -----       6 Flashes
D137: 0.0118 x 0.0394 OBLONG    -----      10 Flashes
D138: 0.2165 x 0.0787 RECTANGLE -----       2 Flashes
D139: 0.0160 ROUND  --       0 Draws,      57 Flashes
D140: 0.0160 ROUND  --       0 Draws,      54 Flashes
---------------------------------------------------------
 53 D-Codes      -----       0 Draws,     818 Flashes

*********************************************************

Output file: C:\SRC\BSM-2\SCHEMATICS\BSM-2.SMB

Aperture totals for C:\SRC\BSM-2\SCHEMATICS\BSM-2.SMB:
---------------------------------------------------------
D65:  0.0280 ROUND  --       0 Draws,       1 Flashes
D67:  0.0520 ROUND  --       0 Draws,       5 Flashes
D68:  0.0520 SQUARE --       0 Draws,       4 Flashes
D72:  0.0580 ROUND  --       0 Draws,      51 Flashes
D73:  0.0580 SQUARE --       0 Draws,       9 Flashes
D76:  0.0500 x 0.0670 RECTANGLE -----       6 Flashes
D77:  0.2362 ROUND  --       0 Draws,       5 Flashes
D78:  0.0680 ROUND  --       0 Draws,       5 Flashes
D79:  0.0840 ROUND  --       0 Draws,      11 Flashes
D80:  0.1470 ROUND  --       0 Draws,       1 Flashes
D81:  0.0750 SQUARE --       0 Draws,       1 Flashes
D82:  0.0750 ROUND  --       0 Draws,       2 Flashes
D83:  0.0550 SQUARE --       0 Draws,       1 Flashes
D84:  0.0550 ROUND  --       0 Draws,       3 Flashes
D105: 0.0680 SQUARE --       0 Draws,       4 Flashes
D107: 0.0866 ROUND  --       0 Draws,      18 Flashes
D108: 0.0866 SQUARE --       0 Draws,      10 Flashes
D134: 0.2450 ROUND  --       0 Draws,       2 Flashes
D139: 0.0160 ROUND  --       0 Draws,      57 Flashes
D140: 0.0160 ROUND  --       0 Draws,      54 Flashes
---------------------------------------------------------
 20 D-Codes      -----       0 Draws,     250 Flashes

*********************************************************

Output file: C:\SRC\BSM-2\SCHEMATICS\BSM-2.SST

Aperture totals for C:\SRC\BSM-2\SCHEMATICS\BSM-2.SST:
---------------------------------------------------------
D64:  0.0080 ROUND  --     724 Draws,       0 Flashes
D141: 0.0157 ROUND  --       8 Draws,       0 Flashes
D142: 0.0100 ROUND  --     567 Draws,       0 Flashes
D143: 0.0060 ROUND  --    4598 Draws,       0 Flashes
D144: 0.0118 ROUND  --      93 Draws,       0 Flashes
D145: 0.0010 ROUND  --       4 Draws,       0 Flashes
D146: 0.0040 ROUND  --      28 Draws,       0 Flashes
D147: 0.0039 ROUND  --      13 Draws,       0 Flashes
D148: 0.0079 ROUND  --      48 Draws,       0 Flashes
D149: 0.0031 ROUND  --       3 Draws,       0 Flashes
---------------------------------------------------------
 10 D-Codes      -----    6086 Draws,       0 Flashes

*********************************************************

Output file: C:\SRC\BSM-2\SCHEMATICS\BSM-2.AST

Aperture totals for C:\SRC\BSM-2\SCHEMATICS\BSM-2.AST:
---------------------------------------------------------
D64:  0.0080 ROUND  --      91 Draws,       0 Flashes
D67:  0.0520 ROUND  --       0 Draws,       5 Flashes
D68:  0.0520 SQUARE --       0 Draws,       4 Flashes
D72:  0.0580 ROUND  --       0 Draws,      51 Flashes
D73:  0.0580 SQUARE --       0 Draws,       9 Flashes
D74:  0.0748 ROUND  --       0 Draws,      18 Flashes
D75:  0.0748 SQUARE --       0 Draws,      10 Flashes
D78:  0.0680 ROUND  --       0 Draws,       1 Flashes
D79:  0.0840 ROUND  --       0 Draws,       1 Flashes
D80:  0.1470 ROUND  --       0 Draws,       1 Flashes
D81:  0.0750 SQUARE --       0 Draws,       1 Flashes
D82:  0.0750 ROUND  --       0 Draws,       2 Flashes
D83:  0.0550 SQUARE --       0 Draws,       1 Flashes
D84:  0.0550 ROUND  --       0 Draws,       3 Flashes
D101: 0.0500 SQUARE --       0 Draws,     350 Flashes
D102: 0.0320 x 0.0380 RECTANGLE -----       2 Flashes
D103: 0.0600 SQUARE --       0 Draws,       4 Flashes
D104: 0.0740 x 0.0480 RECTANGLE -----       2 Flashes
D106: 0.0900 x 0.1000 RECTANGLE -----       4 Flashes
D109: 0.1968 x 0.1575 RECTANGLE -----       2 Flashes
D110: 0.0720 x 0.0780 RECTANGLE -----       6 Flashes
D111: 0.0780 x 0.0720 RECTANGLE -----       2 Flashes
D112: 0.0500 x 0.0340 RECTANGLE -----       1 Flashes
D113: 0.0400 x 0.0340 RECTANGLE -----       2 Flashes
D114: 0.0340 x 0.0500 RECTANGLE -----       2 Flashes
D115: 0.0340 x 0.0400 RECTANGLE -----       4 Flashes
D116: 0.0640 x 0.1000 RECTANGLE -----       2 Flashes
D117: 0.0600 x 0.0700 RECTANGLE -----      12 Flashes
D118: 0.0860 x 0.0240 OBLONG    -----      17 Flashes
D119: 0.0860 x 0.0240 RECTANGLE -----       1 Flashes
D120: 0.0110 x 0.0700 OBLONG    -----      28 Flashes
D121: 0.0110 x 0.0700 RECTANGLE -----       4 Flashes
D122: 0.0700 x 0.0110 OBLONG    -----      29 Flashes
D123: 0.0700 x 0.0110 RECTANGLE -----       3 Flashes
D124: 0.1181 x 0.0984 RECTANGLE -----       2 Flashes
D125: 0.0984 x 0.0275 RECTANGLE -----       1 Flashes
D126: 0.1378 x 0.0275 RECTANGLE -----       2 Flashes
D127: 0.1496 x 0.0433 RECTANGLE -----       9 Flashes
D128: 0.0250 x 0.0940 OBLONG    -----      22 Flashes
D129: 0.0250 x 0.0940 RECTANGLE -----       2 Flashes
D130: 0.0940 x 0.0250 OBLONG    -----      21 Flashes
D131: 0.0940 x 0.0250 RECTANGLE -----       3 Flashes
D132: 0.0950 x 0.1220 RECTANGLE -----       1 Flashes
D133: 0.0750 x 0.0240 RECTANGLE -----       8 Flashes
D135: 0.0177 x 0.0701 RECTANGLE -----       8 Flashes
D136: 0.0394 x 0.0118 OBLONG    -----       6 Flashes
D137: 0.0118 x 0.0394 OBLONG    -----      10 Flashes
D138: 0.2165 x 0.0787 RECTANGLE -----       2 Flashes
D142: 0.0100 ROUND  --      11 Draws,       0 Flashes
D143: 0.0060 ROUND  --     760 Draws,       0 Flashes
---------------------------------------------------------
 50 D-Codes      -----     862 Draws,     681 Flashes

*********************************************************

Output file: C:\SRC\BSM-2\SCHEMATICS\BSM-2.DRD

Aperture totals for C:\SRC\BSM-2\SCHEMATICS\BSM-2.DRD:
---------------------------------------------------------
D64:  0.0080 ROUND  --       4 Draws,       0 Flashes
D142: 0.0100 ROUND  --    2616 Draws,       0 Flashes
---------------------------------------------------------
  2 D-Codes      -----    2620 Draws,       0 Flashes

*********************************************************

Output file: C:\SRC\BSM-2\SCHEMATICS\BSM-2.FAB

Aperture totals for C:\SRC\BSM-2\SCHEMATICS\BSM-2.FAB:
---------------------------------------------------------
D64:  0.0080 ROUND  --       4 Draws,       0 Flashes
D65:  0.0280 ROUND  --       0 Draws,       1 Flashes
D139: 0.0160 ROUND  --       0 Draws,      57 Flashes
D140: 0.0160 ROUND  --       0 Draws,      54 Flashes
---------------------------------------------------------
  4 D-Codes      -----       4 Draws,     112 Flashes


*********************************************************

Aperture totals for entire project:
---------------------------------------------------------
D10:  0.0500 SQUARE --       0 Draws,     350 Flashes
D11:  0.0520 ROUND  --       0 Draws,       5 Flashes
D12:  0.0520 SQUARE --       0 Draws,       4 Flashes
D13:  0.0320 x 0.0380 RECTANGLE -----       2 Flashes
D14:  0.0600 SQUARE --       0 Draws,       4 Flashes
D15:  0.0740 x 0.0480 RECTANGLE -----       2 Flashes
D16:  0.0570 ROUND  --       0 Draws,       4 Flashes
D17:  0.0570 SQUARE --       0 Draws,       4 Flashes
D18:  0.0900 x 0.1000 RECTANGLE -----       4 Flashes
D19:  0.0740 ROUND  --       0 Draws,      10 Flashes
D20:  0.0580 ROUND  --       0 Draws,      51 Flashes
D21:  0.0580 SQUARE --       0 Draws,       9 Flashes
D22:  0.0748 ROUND  --       0 Draws,      18 Flashes
D23:  0.0748 SQUARE --       0 Draws,      10 Flashes
D24:  0.1968 x 0.1575 RECTANGLE -----       2 Flashes
D25:  0.0720 x 0.0780 RECTANGLE -----       6 Flashes
D26:  0.0780 x 0.0720 RECTANGLE -----       2 Flashes
D27:  0.0500 x 0.0340 RECTANGLE -----       1 Flashes
D28:  0.0400 x 0.0340 RECTANGLE -----       2 Flashes
D29:  0.0340 x 0.0500 RECTANGLE -----       2 Flashes
D30:  0.0340 x 0.0400 RECTANGLE -----       4 Flashes
D31:  0.0640 x 0.1000 RECTANGLE -----       2 Flashes
D32:  0.2362 ROUND  --       0 Draws,       5 Flashes
D33:  0.0600 x 0.0700 RECTANGLE -----      12 Flashes
D34:  0.0860 x 0.0240 OBLONG    -----      17 Flashes
D35:  0.0860 x 0.0240 RECTANGLE -----       1 Flashes
D36:  0.0110 x 0.0700 OBLONG    -----      28 Flashes
D37:  0.0110 x 0.0700 RECTANGLE -----       4 Flashes
D38:  0.0700 x 0.0110 OBLONG    -----      29 Flashes
D39:  0.0700 x 0.0110 RECTANGLE -----       3 Flashes
D40:  0.1181 x 0.0984 RECTANGLE -----       2 Flashes
D41:  0.0680 ROUND  --       0 Draws,       1 Flashes
D42:  0.0840 ROUND  --       0 Draws,       1 Flashes
D43:  0.0984 x 0.0275 RECTANGLE -----       1 Flashes
D44:  0.1378 x 0.0275 RECTANGLE -----       2 Flashes
D45:  0.1496 x 0.0433 RECTANGLE -----       9 Flashes
D46:  0.0250 x 0.0940 OBLONG    -----      22 Flashes
D47:  0.0250 x 0.0940 RECTANGLE -----       2 Flashes
D48:  0.1470 ROUND  --       0 Draws,       1 Flashes
D49:  0.0750 SQUARE --       0 Draws,       1 Flashes
D50:  0.0750 ROUND  --       0 Draws,       2 Flashes
D51:  0.0940 x 0.0250 OBLONG    -----      21 Flashes
D52:  0.0940 x 0.0250 RECTANGLE -----       3 Flashes
D53:  0.0950 x 0.1220 RECTANGLE -----       1 Flashes
D54:  0.0750 x 0.0240 RECTANGLE -----       8 Flashes
D55:  0.0550 SQUARE --       0 Draws,       1 Flashes
D56:  0.0550 ROUND  --       0 Draws,       3 Flashes
D57:  0.0177 x 0.0701 RECTANGLE -----       8 Flashes
D58:  0.0394 x 0.0118 OBLONG    -----       6 Flashes
D59:  0.0118 x 0.0394 OBLONG    -----      10 Flashes
D60:  0.2165 x 0.0787 RECTANGLE -----       2 Flashes
D61:  0.0375 ROUND  --      37 Draws,       0 Flashes
D62:  0.0280 ROUND  --       0 Draws,     212 Flashes
D63:  0.0120 ROUND  --     539 Draws,       0 Flashes
D64:  0.0080 ROUND  --     833 Draws,       0 Flashes
D65:  0.0280 ROUND  --       0 Draws,      77 Flashes
D66:  0.0500 ROUND  --       0 Draws,       2 Flashes
D67:  0.0520 ROUND  --       0 Draws,      20 Flashes
D68:  0.0520 SQUARE --       0 Draws,      16 Flashes
D69:  0.0570 ROUND  --       0 Draws,       4 Flashes
D70:  0.0570 SQUARE --       0 Draws,       4 Flashes
D71:  0.0740 ROUND  --       0 Draws,      18 Flashes
D72:  0.0580 ROUND  --       0 Draws,     204 Flashes
D73:  0.0580 SQUARE --       0 Draws,      36 Flashes
D74:  0.0748 ROUND  --       0 Draws,      36 Flashes
D75:  0.0748 SQUARE --       0 Draws,      20 Flashes
D76:  0.0500 x 0.0670 RECTANGLE -----      12 Flashes
D77:  0.2362 ROUND  --       0 Draws,      15 Flashes
D78:  0.0680 ROUND  --       0 Draws,      12 Flashes
D79:  0.0840 ROUND  --       0 Draws,      24 Flashes
D80:  0.1470 ROUND  --       0 Draws,       4 Flashes
D81:  0.0750 SQUARE --       0 Draws,       6 Flashes
D82:  0.0750 ROUND  --       0 Draws,      14 Flashes
D83:  0.0550 SQUARE --       0 Draws,       4 Flashes
D84:  0.0550 ROUND  --       0 Draws,      12 Flashes
D85:  0.0280 ROUND  --       0 Draws,     158 Flashes
D86:  0.0720 ROUND  --       0 Draws,      10 Flashes
D87:  0.0720 SQUARE --       0 Draws,       8 Flashes
D88:  0.0740 SQUARE --       0 Draws,       8 Flashes
D89:  0.0900 ROUND  --       0 Draws,      20 Flashes
D90:  0.0780 ROUND  --       0 Draws,     102 Flashes
D91:  0.0780 SQUARE --       0 Draws,      18 Flashes
D92:  0.0945 ROUND  --       0 Draws,      36 Flashes
D93:  0.0945 SQUARE --       0 Draws,      20 Flashes
D94:  0.2401 ROUND  --       0 Draws,      10 Flashes
D95:  0.0880 ROUND  --       0 Draws,       2 Flashes
D96:  0.1040 ROUND  --       0 Draws,       2 Flashes
D97:  0.1750 ROUND  --       0 Draws,       2 Flashes
D98:  0.0950 SQUARE --       0 Draws,       2 Flashes
D99:  0.0950 ROUND  --       0 Draws,       4 Flashes
D100: 0.0750 ROUND  --       0 Draws,       2 Flashes
D101: 0.0500 SQUARE --       0 Draws,     700 Flashes
D102: 0.0320 x 0.0380 RECTANGLE -----       4 Flashes
D103: 0.0600 SQUARE --       0 Draws,       8 Flashes
D104: 0.0740 x 0.0480 RECTANGLE -----       4 Flashes
D105: 0.0680 SQUARE --       0 Draws,       8 Flashes
D106: 0.0900 x 0.1000 RECTANGLE -----       8 Flashes
D107: 0.0866 ROUND  --       0 Draws,      36 Flashes
D108: 0.0866 SQUARE --       0 Draws,      20 Flashes
D109: 0.1968 x 0.1575 RECTANGLE -----       4 Flashes
D110: 0.0720 x 0.0780 RECTANGLE -----      12 Flashes
D111: 0.0780 x 0.0720 RECTANGLE -----       4 Flashes
D112: 0.0500 x 0.0340 RECTANGLE -----       2 Flashes
D113: 0.0400 x 0.0340 RECTANGLE -----       4 Flashes
D114: 0.0340 x 0.0500 RECTANGLE -----       4 Flashes
D115: 0.0340 x 0.0400 RECTANGLE -----       8 Flashes
D116: 0.0640 x 0.1000 RECTANGLE -----       4 Flashes
D117: 0.0600 x 0.0700 RECTANGLE -----      24 Flashes
D118: 0.0860 x 0.0240 OBLONG    -----      34 Flashes
D119: 0.0860 x 0.0240 RECTANGLE -----       2 Flashes
D120: 0.0110 x 0.0700 OBLONG    -----      56 Flashes
D121: 0.0110 x 0.0700 RECTANGLE -----       8 Flashes
D122: 0.0700 x 0.0110 OBLONG    -----      58 Flashes
D123: 0.0700 x 0.0110 RECTANGLE -----       6 Flashes
D124: 0.1181 x 0.0984 RECTANGLE -----       4 Flashes
D125: 0.0984 x 0.0275 RECTANGLE -----       2 Flashes
D126: 0.1378 x 0.0275 RECTANGLE -----       4 Flashes
D127: 0.1496 x 0.0433 RECTANGLE -----      18 Flashes
D128: 0.0250 x 0.0940 OBLONG    -----      44 Flashes
D129: 0.0250 x 0.0940 RECTANGLE -----       4 Flashes
D130: 0.0940 x 0.0250 OBLONG    -----      42 Flashes
D131: 0.0940 x 0.0250 RECTANGLE -----       6 Flashes
D132: 0.0950 x 0.1220 RECTANGLE -----       2 Flashes
D133: 0.0750 x 0.0240 RECTANGLE -----      16 Flashes
D134: 0.2450 ROUND  --       0 Draws,       4 Flashes
D135: 0.0177 x 0.0701 RECTANGLE -----      16 Flashes
D136: 0.0394 x 0.0118 OBLONG    -----      12 Flashes
D137: 0.0118 x 0.0394 OBLONG    -----      20 Flashes
D138: 0.2165 x 0.0787 RECTANGLE -----       4 Flashes
D139: 0.0160 ROUND  --       0 Draws,     171 Flashes
D140: 0.0160 ROUND  --       0 Draws,     162 Flashes
D141: 0.0157 ROUND  --       8 Draws,       0 Flashes
D142: 0.0100 ROUND  --    3194 Draws,       0 Flashes
D143: 0.0060 ROUND  --    5358 Draws,       0 Flashes
D144: 0.0118 ROUND  --      93 Draws,       0 Flashes
D145: 0.0010 ROUND  --       4 Draws,       0 Flashes
D146: 0.0040 ROUND  --      28 Draws,       0 Flashes
D147: 0.0039 ROUND  --      13 Draws,       0 Flashes
D148: 0.0079 ROUND  --      48 Draws,       0 Flashes
D149: 0.0031 ROUND  --       3 Draws,       0 Flashes
---------------------------------------------------------
140 D-Codes      -----   10158 Draws,    3409 Flashes


No warnings or errors.
